<?xml version="1.0" encoding="UTF-8"?>
<testng-results skipped="0" failed="0" total="1" passed="1">
  <reporter-output>
  </reporter-output>
  <suite name="Default suite" duration-ms="21208" started-at="2018-08-19T05:50:50Z" finished-at="2018-08-19T05:51:12Z">
    <groups>
    </groups>
    <test name="Default test" duration-ms="21208" started-at="2018-08-19T05:50:50Z" finished-at="2018-08-19T05:51:12Z">
      <class name="Test.Selenium.HelloWorld">
        <test-method status="PASS" signature="beforeTest()[pri:0, instance:Test.Selenium.HelloWorld@3ffc5af1]" name="beforeTest" is-config="true" duration-ms="13331" started-at="2018-08-19T11:20:50Z" finished-at="2018-08-19T11:21:04Z">
          <reporter-output>
          </reporter-output>
        </test-method> <!-- beforeTest -->
        <test-method status="PASS" signature="Launch()[pri:0, instance:Test.Selenium.HelloWorld@3ffc5af1]" name="Launch" duration-ms="7727" started-at="2018-08-19T11:21:04Z" finished-at="2018-08-19T11:21:11Z">
          <reporter-output>
          </reporter-output>
        </test-method> <!-- Launch -->
        <test-method status="PASS" signature="afterTest()[pri:0, instance:Test.Selenium.HelloWorld@3ffc5af1]" name="afterTest" is-config="true" duration-ms="99" started-at="2018-08-19T11:21:11Z" finished-at="2018-08-19T11:21:12Z">
          <reporter-output>
          </reporter-output>
        </test-method> <!-- afterTest -->
      </class> <!-- Test.Selenium.HelloWorld -->
    </test> <!-- Default test -->
  </suite> <!-- Default suite -->
</testng-results>
